<?xml version="1.0" encoding="UTF-8"?>
<!-- Generated by org.testng.reporters.JUnitReportReporter -->
<testsuite hostname="DESKTOP-Q13OS2E" failures="0" tests="3" name="demo125.Nativeapps" time="43.667" errors="0" timestamp="2022-12-05T15:14:34 IST" skipped="2">
  <testcase classname="demo125.Nativeapps" name="testcase3" time="43.667"/>
  <system-out/>
  <testcase classname="demo125.Nativeapps" name="testcase1">
    <skipped/>
  </testcase> <!-- testcase1 -->
  <system-out/>
  <testcase classname="demo125.Nativeapps" name="testcase2">
    <skipped/>
  </testcase> <!-- testcase2 -->
  <system-out/>
</testsuite> <!-- demo125.Nativeapps -->
