<?xml version="1.0" encoding="UTF-8"?>
<!-- Generated by org.testng.reporters.JUnitReportReporter -->
<testsuite hostname="DESKTOP-Q13OS2E" failures="0" tests="1" name="demo125.Mobapp" time="39.969" errors="0" timestamp="2022-11-30T16:01:48 IST" skipped="0">
  <testcase classname="demo125.Mobapp" name="testcase" time="39.969"/>
  <system-out/>
</testsuite> <!-- demo125.Mobapp -->
