<?xml version="1.0" encoding="UTF-8"?>
<!-- Generated by org.testng.reporters.JUnitReportReporter -->
<testsuite hostname="DESKTOP-Q13OS2E" failures="0" tests="2" name="demo125.Hybridapps" time="47.152" errors="0" timestamp="2022-12-07T16:54:11 IST" skipped="1">
  <testcase classname="demo125.Hybridapps" name="postestcase" time="47.152"/>
  <system-out/>
  <testcase classname="demo125.Hybridapps" name="negtestcase">
    <skipped/>
  </testcase> <!-- negtestcase -->
  <system-out/>
</testsuite> <!-- demo125.Hybridapps -->
